<?xml version="1.0" encoding="UTF-8"?>
<!-- Generated by org.testng.reporters.JUnitXMLReporter -->
<testsuite ignored="0" hostname="DESKTOP-OH75UE5" failures="0" tests="10" name="Surefire test" time="15.548" errors="0" timestamp="22 dez 2023 06:02:32 GMT">
  <testcase classname="br.cmoreira.tests.ContaTest" name="test1_InserirConta on test1_InserirConta(br.cmoreira.tests.ContaTest)" time="3.4"/>
  <testcase classname="br.cmoreira.tests.ContaTest" name="test2_AlterarConta on test2_AlterarConta(br.cmoreira.tests.ContaTest)" time="4.968"/>
  <testcase classname="br.cmoreira.tests.ContaTest" name="test3_InserirContaComMesmoNome on test3_InserirContaComMesmoNome(br.cmoreira.tests.ContaTest)" time="6.3"/>
  <testcase classname="br.cmoreira.tests.MovimentacaoTest" name="test1_InserirMovimentacao on test1_InserirMovimentacao(br.cmoreira.tests.MovimentacaoTest)" time="7.991"/>
  <testcase classname="br.cmoreira.tests.MovimentacaoTest" name="test2_CamposObrigatoriosMovimentacao on test2_CamposObrigatoriosMovimentacao(br.cmoreira.tests.MovimentacaoTest)" time="9.188"/>
  <testcase classname="br.cmoreira.tests.MovimentacaoTest" name="test3_InserirMovimentacaoFutura on test3_InserirMovimentacaoFutura(br.cmoreira.tests.MovimentacaoTest)" time="10.846"/>
  <testcase classname="br.cmoreira.tests.RemoverMovimentacaoContaTest" name="testRemoverContaComMovimentacao on testRemoverContaComMovimentacao(br.cmoreira.tests.RemoverMovimentacaoContaTest)" time="12.163"/>
  <testcase classname="br.cmoreira.tests.SaldoTest" name="testVerificarSaldo on testVerificarSaldo(br.cmoreira.tests.SaldoTest)" time="13.224"/>
  <testcase classname="br.cmoreira.tests.ResumoTest" name="test1_RemoverMovimentacao on test1_RemoverMovimentacao(br.cmoreira.tests.ResumoTest)" time="14.406"/>
  <testcase classname="br.cmoreira.tests.ResumoTest" name="test2_ResumoMensal on test2_ResumoMensal(br.cmoreira.tests.ResumoTest)" time="15.406"/>
</testsuite> <!-- Surefire test -->
