<?xml version="1.0" encoding="UTF-8"?>
<testsuite name="br.cmoreira.suites.SuiteGeral" time="13.352" tests="10" errors="0" skipped="0" failures="0">
  <properties>
[...]
</properties>
  <testcase name="test1_InserirConta on test1_InserirConta(br.cmoreira.tests.ContaTest)" classname="br.cmoreira.tests.ContaTest" time="1.345"/>
  <testcase name="test2_AlterarConta on test2_AlterarConta(br.cmoreira.tests.ContaTest)" classname="br.cmoreira.tests.ContaTest" time="1.567"/>
  <testcase name="test3_InserirContaComMesmoNome on test3_InserirContaComMesmoNome(br.cmoreira.tests.ContaTest)" classname="br.cmoreira.tests.ContaTest" time="1.332"/>
  <testcase name="test1_InserirMovimentacao on test1_InserirMovimentacao(br.cmoreira.tests.MovimentacaoTest)" classname="br.cmoreira.tests.MovimentacaoTest" time="1.692"/>
  <testcase name="test2_CamposObrigatoriosMovimentacao on test2_CamposObrigatoriosMovimentacao(br.cmoreira.tests.MovimentacaoTest)" classname="br.cmoreira.tests.MovimentacaoTest" time="1.197"/>
  <testcase name="test3_InserirMovimentacaoFutura on test3_InserirMovimentacaoFutura(br.cmoreira.tests.MovimentacaoTest)" classname="br.cmoreira.tests.MovimentacaoTest" time="1.658"/>
  <testcase name="testRemoverContaComMovimentacao on testRemoverContaComMovimentacao(br.cmoreira.tests.RemoverMovimentacaoContaTest)" classname="br.cmoreira.tests.RemoverMovimentacaoContaTest" time="1.317"/>
  <testcase name="testVerificarSaldo on testVerificarSaldo(br.cmoreira.tests.SaldoTest)" classname="br.cmoreira.tests.SaldoTest" time="1.062"/>
  <testcase name="test1_RemoverMovimentacao on test1_RemoverMovimentacao(br.cmoreira.tests.ResumoTest)" classname="br.cmoreira.tests.ResumoTest" time="1.183"/>
  <testcase name="test2_ResumoMensal on test2_ResumoMensal(br.cmoreira.tests.ResumoTest)" classname="br.cmoreira.tests.ResumoTest" time="0.999"/>
</testsuite>